<?xml version="1.0" encoding="UTF-8"?>
<!-- Generated by org.testng.reporters.JUnitXMLReporter -->
<testsuite ignored="0" hostname="WSHYD-079" failures="0" tests="3" name="my hub spot test chrome" time="10.27" errors="0" timestamp="2022-07-12T20:08:25 IST">
  <testcase classname="com.MyTests.LoginTest" name="verifyLoginPageTitleTest" time="0.011"/>
  <testcase classname="com.MyTests.LoginTest" name="verifyLoginPageHeaderTest" time="0.044"/>
  <testcase classname="com.MyTests.LoginTest" name="doLogin" time="0.32"/>
</testsuite> <!-- my hub spot test chrome -->
