<?xml version="1.0" encoding="UTF-8"?>
<!-- Generated by org.testng.reporters.JUnitXMLReporter -->
<testsuite ignored="0" hostname="WSHYD-079" failures="0" tests="3" name="my hub spot test firefox" time="36.428" errors="0" timestamp="2022-07-11T19:04:52 IST">
  <testcase classname="com.MyTests.LoginTest" name="verifyLoginPageTitleTest" time="0.008"/>
  <testcase classname="com.MyTests.LoginTest" name="verifyLoginPageHeaderTest" time="0.224"/>
  <testcase classname="com.MyTests.LoginTest" name="doLogin" time="1.403"/>
</testsuite> <!-- my hub spot test firefox -->
