<?xml version="1.0" encoding="UTF-8"?>
<!-- Generated by org.testng.reporters.JUnitXMLReporter -->
<testsuite ignored="0" hostname="WSHYD-079" failures="0" tests="3" name="my hub spot test chrome" time="11.469" errors="0" timestamp="2022-07-11T19:04:27 IST">
  <testcase classname="com.MyTests.LoginTest" name="verifyLoginPageHeaderTest" time="0.053"/>
  <testcase classname="com.MyTests.LoginTest" name="verifyLoginPageTitleTest" time="0.019"/>
  <testcase classname="com.MyTests.LoginTest" name="doLogin" time="0.384"/>
</testsuite> <!-- my hub spot test chrome -->
