<?xml version="1.0" encoding="UTF-8"?>
<testng-results ignored="0" total="6" passed="6" failed="0" skipped="0">
  <reporter-output>
  </reporter-output>
  <suite started-at="2022-07-11T19:04:15 IST" name="Suite" finished-at="2022-07-11T19:04:52 IST" duration-ms="36428">
    <groups>
    </groups>
    <test started-at="2022-07-11T19:04:15 IST" name="my hub spot test chrome" finished-at="2022-07-11T19:04:27 IST" duration-ms="11469">
      <class name="com.MyTests.LoginTest">
        <test-method is-config="true" signature="setUpTest(java.lang.String)[pri:0, instance:com.MyTests.LoginTest@4d0d9fe7]" started-at="2022-07-11T19:04:15 IST" name="setUpTest" finished-at="2022-07-11T19:04:26 IST" duration-ms="10557" status="PASS">
          <params>
            <param index="0">
              <value>
                <![CDATA[chrome]]>
              </value>
            </param>
          </params>
          <reporter-output>
          </reporter-output>
        </test-method> <!-- setUpTest -->
        <test-method is-config="true" signature="setUpTest(java.lang.String)[pri:0, instance:com.MyTests.LoginTest@4d0d9fe7]" started-at="2022-07-11T19:04:15 IST" name="setUpTest" finished-at="2022-07-11T19:04:26 IST" duration-ms="11013" status="PASS">
          <params>
            <param index="0">
              <value>
                <![CDATA[chrome]]>
              </value>
            </param>
          </params>
          <reporter-output>
          </reporter-output>
        </test-method> <!-- setUpTest -->
        <test-method is-config="true" signature="setUpTest(java.lang.String)[pri:0, instance:com.MyTests.LoginTest@4d0d9fe7]" started-at="2022-07-11T19:04:17 IST" name="setUpTest" finished-at="2022-07-11T19:04:26 IST" duration-ms="9582" status="PASS">
          <params>
            <param index="0">
              <value>
                <![CDATA[chrome]]>
              </value>
            </param>
          </params>
          <reporter-output>
          </reporter-output>
        </test-method> <!-- setUpTest -->
        <test-method signature="verifyLoginPageHeaderTest()[pri:2, instance:com.MyTests.LoginTest@4d0d9fe7]" started-at="2022-07-11T19:04:26 IST" name="verifyLoginPageHeaderTest" finished-at="2022-07-11T19:04:26 IST" duration-ms="53" status="PASS">
          <reporter-output>
          </reporter-output>
        </test-method> <!-- verifyLoginPageHeaderTest -->
        <test-method signature="verifyLoginPageTitleTest()[pri:1, instance:com.MyTests.LoginTest@4d0d9fe7]" started-at="2022-07-11T19:04:26 IST" name="verifyLoginPageTitleTest" finished-at="2022-07-11T19:04:26 IST" duration-ms="19" status="PASS">
          <reporter-output>
          </reporter-output>
        </test-method> <!-- verifyLoginPageTitleTest -->
        <test-method signature="doLogin(java.lang.String,java.lang.String)[pri:0, instance:com.MyTests.LoginTest@4d0d9fe7]" started-at="2022-07-11T19:04:26 IST" name="doLogin" data-provider="getLoginData" finished-at="2022-07-11T19:04:27 IST" duration-ms="384" status="PASS">
          <params>
            <param index="0">
              <value>
                <![CDATA[sambasivaraob@ibaseit.com]]>
              </value>
            </param>
            <param index="1">
              <value>
                <![CDATA[Welcome@12@]]>
              </value>
            </param>
          </params>
          <reporter-output>
          </reporter-output>
        </test-method> <!-- doLogin -->
      </class> <!-- com.MyTests.LoginTest -->
    </test> <!-- my hub spot test chrome -->
    <test started-at="2022-07-11T19:04:15 IST" name="my hub spot test firefox" finished-at="2022-07-11T19:04:52 IST" duration-ms="36428">
      <class name="com.MyTests.LoginTest">
        <test-method is-config="true" signature="setUpTest(java.lang.String)[pri:0, instance:com.MyTests.LoginTest@6a4f1a55]" started-at="2022-07-11T19:04:15 IST" name="setUpTest" finished-at="2022-07-11T19:04:50 IST" duration-ms="34954" status="PASS">
          <params>
            <param index="0">
              <value>
                <![CDATA[firefox]]>
              </value>
            </param>
          </params>
          <reporter-output>
          </reporter-output>
        </test-method> <!-- setUpTest -->
        <test-method is-config="true" signature="setUpTest(java.lang.String)[pri:0, instance:com.MyTests.LoginTest@6a4f1a55]" started-at="2022-07-11T19:04:15 IST" name="setUpTest" finished-at="2022-07-11T19:04:50 IST" duration-ms="34952" status="PASS">
          <params>
            <param index="0">
              <value>
                <![CDATA[firefox]]>
              </value>
            </param>
          </params>
          <reporter-output>
          </reporter-output>
        </test-method> <!-- setUpTest -->
        <test-method is-config="true" signature="setUpTest(java.lang.String)[pri:0, instance:com.MyTests.LoginTest@6a4f1a55]" started-at="2022-07-11T19:04:17 IST" name="setUpTest" finished-at="2022-07-11T19:04:50 IST" duration-ms="33522" status="PASS">
          <params>
            <param index="0">
              <value>
                <![CDATA[firefox]]>
              </value>
            </param>
          </params>
          <reporter-output>
          </reporter-output>
        </test-method> <!-- setUpTest -->
        <test-method signature="doLogin(java.lang.String,java.lang.String)[pri:0, instance:com.MyTests.LoginTest@6a4f1a55]" started-at="2022-07-11T19:04:50 IST" name="doLogin" data-provider="getLoginData" finished-at="2022-07-11T19:04:52 IST" duration-ms="1403" status="PASS">
          <params>
            <param index="0">
              <value>
                <![CDATA[sambasivaraob@ibaseit.com]]>
              </value>
            </param>
            <param index="1">
              <value>
                <![CDATA[Welcome@12@]]>
              </value>
            </param>
          </params>
          <reporter-output>
          </reporter-output>
        </test-method> <!-- doLogin -->
        <test-method signature="verifyLoginPageHeaderTest()[pri:2, instance:com.MyTests.LoginTest@6a4f1a55]" started-at="2022-07-11T19:04:50 IST" name="verifyLoginPageHeaderTest" finished-at="2022-07-11T19:04:50 IST" duration-ms="224" status="PASS">
          <reporter-output>
          </reporter-output>
        </test-method> <!-- verifyLoginPageHeaderTest -->
        <test-method signature="verifyLoginPageTitleTest()[pri:1, instance:com.MyTests.LoginTest@6a4f1a55]" started-at="2022-07-11T19:04:50 IST" name="verifyLoginPageTitleTest" finished-at="2022-07-11T19:04:50 IST" duration-ms="8" status="PASS">
          <reporter-output>
          </reporter-output>
        </test-method> <!-- verifyLoginPageTitleTest -->
      </class> <!-- com.MyTests.LoginTest -->
    </test> <!-- my hub spot test firefox -->
  </suite> <!-- Suite -->
</testng-results>
