<?xml version="1.0" encoding="UTF-8"?>
<testng-results ignored="0" total="3" passed="3" failed="0" skipped="0">
  <reporter-output>
  </reporter-output>
  <suite started-at="2022-07-12T20:08:14 IST" name="Suite" finished-at="2022-07-12T20:08:25 IST" duration-ms="10270">
    <groups>
    </groups>
    <test started-at="2022-07-12T20:08:14 IST" name="my hub spot test chrome" finished-at="2022-07-12T20:08:25 IST" duration-ms="10270">
      <class name="com.MyTests.LoginTest">
        <test-method is-config="true" signature="startTest()[pri:0, instance:com.MyTests.LoginTest@43df23d3]" started-at="2022-07-12T20:08:14 IST" name="startTest" finished-at="2022-07-12T20:08:15 IST" duration-ms="171" status="PASS">
          <reporter-output>
          </reporter-output>
        </test-method> <!-- startTest -->
        <test-method is-config="true" signature="setUpTest(java.lang.String)[pri:0, instance:com.MyTests.LoginTest@43df23d3]" started-at="2022-07-12T20:08:15 IST" name="setUpTest" finished-at="2022-07-12T20:08:24 IST" duration-ms="9311" status="PASS">
          <params>
            <param index="0">
              <value>
                <![CDATA[chrome]]>
              </value>
            </param>
          </params>
          <reporter-output>
          </reporter-output>
        </test-method> <!-- setUpTest -->
        <test-method is-config="true" signature="setUpTest(java.lang.String)[pri:0, instance:com.MyTests.LoginTest@43df23d3]" started-at="2022-07-12T20:08:15 IST" name="setUpTest" finished-at="2022-07-12T20:08:24 IST" duration-ms="9159" status="PASS">
          <params>
            <param index="0">
              <value>
                <![CDATA[chrome]]>
              </value>
            </param>
          </params>
          <reporter-output>
          </reporter-output>
        </test-method> <!-- setUpTest -->
        <test-method is-config="true" signature="setUpTest(java.lang.String)[pri:0, instance:com.MyTests.LoginTest@43df23d3]" started-at="2022-07-12T20:08:16 IST" name="setUpTest" finished-at="2022-07-12T20:08:24 IST" duration-ms="8126" status="PASS">
          <params>
            <param index="0">
              <value>
                <![CDATA[chrome]]>
              </value>
            </param>
          </params>
          <reporter-output>
          </reporter-output>
        </test-method> <!-- setUpTest -->
        <test-method signature="verifyLoginPageTitleTest()[pri:1, instance:com.MyTests.LoginTest@43df23d3]" started-at="2022-07-12T20:08:24 IST" name="verifyLoginPageTitleTest" finished-at="2022-07-12T20:08:24 IST" duration-ms="11" status="PASS">
          <reporter-output>
          </reporter-output>
        </test-method> <!-- verifyLoginPageTitleTest -->
        <test-method signature="verifyLoginPageHeaderTest()[pri:2, instance:com.MyTests.LoginTest@43df23d3]" started-at="2022-07-12T20:08:24 IST" name="verifyLoginPageHeaderTest" finished-at="2022-07-12T20:08:24 IST" duration-ms="44" status="PASS">
          <reporter-output>
          </reporter-output>
        </test-method> <!-- verifyLoginPageHeaderTest -->
        <test-method signature="doLogin(java.lang.String,java.lang.String)[pri:0, instance:com.MyTests.LoginTest@43df23d3]" started-at="2022-07-12T20:08:24 IST" name="doLogin" data-provider="getLoginData" finished-at="2022-07-12T20:08:24 IST" duration-ms="320" status="PASS">
          <params>
            <param index="0">
              <value>
                <![CDATA[sambasivaraob@ibaseit.com]]>
              </value>
            </param>
            <param index="1">
              <value>
                <![CDATA[Welcome@12@]]>
              </value>
            </param>
          </params>
          <reporter-output>
          </reporter-output>
        </test-method> <!-- doLogin -->
        <test-method is-config="true" signature="endTest()[pri:0, instance:com.MyTests.LoginTest@43df23d3]" started-at="2022-07-12T20:08:24 IST" name="endTest" finished-at="2022-07-12T20:08:25 IST" duration-ms="327" status="PASS">
          <reporter-output>
          </reporter-output>
        </test-method> <!-- endTest -->
      </class> <!-- com.MyTests.LoginTest -->
    </test> <!-- my hub spot test chrome -->
  </suite> <!-- Suite -->
</testng-results>
